<?xml version="1.0" encoding="utf-8"?><testsuites name="pytest tests"><testsuite name="pytest" errors="0" failures="0" skipped="1" tests="77" time="21.322" timestamp="2026-09-01T14:47:01.012823+00:00" hostname="agent-env-be50bf6c-6663-4a79-bf52-34a8b2c9c86d"><testcase classname="tests.backend_test.TestAuth" name="test_register_increments_community_count" time="0.623" /><testcase classname="tests.backend_test.TestPublicContent" name="test_root" time="0.324" /><testcase classname="tests.backend_test.TestPublicContent" name="test_community_stats_shape" time="0.211" /><testcase classname="tests.backend_test.TestPublicContent" name="test_food_categories" time="0.149" /><testcase classname="tests.backend_test.TestAuth" name="test_register_short_password_rejected" time="0.341" /><testcase classname="tests.backend_test.TestPublicContent" name="test_foods_list_all_free_while_gating_off" time="0.156" /><testcase classname="tests.backend_test.TestPublicContent" name="test_food_search" time="0.127" /><testcase classname="tests.backend_test.TestPublicContent" name="test_food_search_no_results" time="0.385" /><testcase classname="tests.backend_test.TestAuth" name="test_register_duplicate_email" time="0.554" /><testcase classname="tests.backend_test.TestPublicContent" name="test_food_category_filter" time="0.156" /><testcase classname="tests.backend_test.TestPublicContent" name="test_pillar_endpoints[/jala-keys0]" time="0.380" /><testcase classname="tests.backend_test.TestAuth" name="test_login_sets_httponly_cookies_and_token" time="0.382" /><testcase classname="tests.backend_test.TestPublicContent" name="test_pillar_endpoints[/swara-keys1]" time="0.384" /><testcase classname="tests.backend_test.TestAuth" name="test_login_invalid_password_401_string_detail" time="0.370" /><testcase classname="tests.backend_test.TestAuth" name="test_me_requires_auth" time="0.154" /><testcase classname="tests.backend_test.TestPublicContent" name="test_pillar_endpoints[/manas-keys2]" time="0.187" /><testcase classname="tests.backend_test.TestAuth" name="test_me_returns_user_without_password" time="0.158" /><testcase classname="tests.backend_test.TestPublicContent" name="test_pillar_endpoints[/games-keys3]" time="0.220" /><testcase classname="tests.backend_test.TestAuth" name="test_zz_brute_force_lockout_after_5_failures" time="1.332" /><testcase classname="tests.backend_test.TestPublicContent" name="test_pillar_endpoints[/plans-keys4]" time="0.252" /><testcase classname="tests.backend_test.TestPublicContent" name="test_jala_journey_has_nine_steps_all_unlocked" time="0.290" /><testcase classname="tests.backend_test.TestPublicContent" name="test_swara_all_unlocked_for_anonymous" time="0.313" /><testcase classname="tests.backend_test.TestPublicContent" name="test_manas_all_topics_unlocked" time="0.287" /><testcase classname="tests.backend_test.TestAuth" name="test_logout_clears_cookies" time="0.324" /><testcase classname="tests.backend_test.TestPublicContent" name="test_premium_user_sees_full_swara_bodies" time="0.536" /><testcase classname="tests.backend_test.TestLockoutAndTracking" name="test_successful_login_clears_failed_counter" time="3.660" /><testcase classname="tests.backend_test.TestPublicContent" name="test_games_all_unlocked_for_anonymous" time="0.240" /><testcase classname="tests.backend_test.TestPublicContent" name="test_plans_contain_free_and_premium" time="0.367" /><testcase classname="tests.backend_test.TestAdmin" name="test_admin_endpoints_require_admin" time="2.546" /><testcase classname="tests.backend_test.TestAdmin" name="test_admin_stats" time="0.520" /><testcase classname="tests.backend_test.TestLockoutAndTracking" name="test_track_accepts_json_body" time="0.206" /><testcase classname="tests.backend_test.TestAdmin" name="test_admin_users_list" time="0.081" /><testcase classname="tests.backend_test.TestLockoutAndTracking" name="test_track_rejects_invalid_body[bad0]" time="0.185" /><testcase classname="tests.backend_test.TestAdmin" name="test_admin_contact_messages" time="0.257" /><testcase classname="tests.backend_test.TestLockoutAndTracking" name="test_track_rejects_invalid_body[bad1]" time="0.149" /><testcase classname="tests.backend_test.TestAdmin" name="test_admin_update_plan_persists" time="0.417" /><testcase classname="tests.backend_test.TestLockoutAndTracking" name="test_track_rejects_invalid_body[bad2]" time="0.146" /><testcase classname="tests.backend_test.TestLockoutAndTracking" name="test_track_rejects_invalid_body[bad3]" time="0.152" /><testcase classname="tests.backend_test.TestAdmin" name="test_admin_update_plan_not_found" time="0.078" /><testcase classname="tests.backend_test.TestAdmin" name="test_admin_food_crud_and_search" time="0.957" /><testcase classname="tests.backend_test.TestLockoutAndTracking" name="test_track_shows_up_in_admin_popular_pages" time="1.901" /><testcase classname="tests.backend_test.TestGames" name="test_score_requires_auth" time="0.139" /><testcase classname="tests.backend_test.TestGames" name="test_free_user_premium_game_allowed_while_gating_off" time="0.741" /><testcase classname="tests.backend_test.TestLockoutAndTracking" name="test_register_rate_limit_allows_multiple" time="1.041" /><testcase classname="tests.backend_test.TestGames" name="test_unknown_game_rejected" time="0.088" /><testcase classname="tests.backend_test.TestGames" name="test_free_game_score_persists_in_dashboard" time="1.058" /><testcase classname="tests.test_chalisa.TestChalisaAudio" name="test_recitation_audio_doha_1" time="0.535" /><testcase classname="tests.backend_test.TestGames" name="test_zz_reaction_personal_best_is_lowest" time="0.275" /><testcase classname="tests.backend_test.TestContact" name="test_contact_valid" time="0.147" /><testcase classname="tests.test_chalisa.TestChalisaAudio" name="test_meaning_audio_telugu_chaupai_1" time="2.379" /><testcase classname="tests.backend_test.TestContact" name="test_contact_validation[bad0]" time="2.077" /><testcase classname="tests.backend_test.TestContact" name="test_contact_validation[bad1]" time="0.146" /><testcase classname="tests.backend_test.TestContact" name="test_contact_validation[bad2]" time="0.183" /><testcase classname="tests.test_chalisa.TestChalisaAudio" name="test_unknown_verse_404" time="0.146" /><testcase classname="tests.backend_test.TestContact" name="test_contact_validation[bad3]" time="0.141" /><testcase classname="tests.test_chalisa.TestChalisaAudio" name="test_invalid_body_422[body0]" time="0.170" /><testcase classname="tests.test_chalisa.TestChalisaAudio" name="test_invalid_body_422[body1]" time="0.319" /><testcase classname="tests.test_chalisa.TestChalisaContent" name="test_structure" time="0.158" /><testcase classname="tests.test_chalisa.TestChalisaContent" name="test_43_verses_3_dohas_40_chaupais" time="0.000" /><testcase classname="tests.test_chalisa.TestChalisaContent" name="test_every_verse_has_devanagari_transliteration_and_5_meanings" time="0.001" /><testcase classname="tests.test_chalisa.TestChalisaContent" name="test_intro_available_in_all_five_languages" time="0.000" /><testcase classname="tests.test_chalisa.TestChalisaContent" name="test_no_llm_key_leak_in_payload" time="0.001" /><testcase classname="tests.backend_test.TestCalorieTool" name="test_calorie_male_moderate_lose" time="0.125" /><testcase classname="tests.backend_test.TestCalorieTool" name="test_calorie_validation[bad0]" time="0.161" /><testcase classname="tests.test_chalisa.TestChalisaAudio" name="test_invalid_body_422[body2]" time="0.146" /><testcase classname="tests.backend_test.TestCalorieTool" name="test_calorie_validation[bad1]" time="0.211" /><testcase classname="tests.test_chalisa.TestChalisaAudio" name="test_tts_invalid_key_rejected" time="0.276" /><testcase classname="tests.backend_test.TestCalorieTool" name="test_calorie_validation[bad2]" time="0.148" /><testcase classname="tests.backend_test.TestSecurity" name="test_bcrypt_hash_format" time="0.719" /><testcase classname="tests.backend_test.TestMembershipManualVerification" name="test_claim_requires_auth" time="0.159" /><testcase classname="tests.backend_test.TestMembershipManualVerification" name="test_claim_invalid_plan" time="0.506" /><testcase classname="tests.backend_test.TestMembershipManualVerification" name="test_claim_does_not_grant_premium_until_admin_verifies" time="0.996" /><testcase classname="tests.backend_test.TestSecurity" name="test_cors_allows_credentials_with_explicit_origin" time="0.108"><skipped type="pytest.xfail" message="k8s ingress rewrites Access-Control-Allow-Origin to '*' (env-imposed; backend/.env has explicit CORS_ORIGINS)" /></testcase><testcase classname="tests.backend_test.TestSecurity" name="test_payment_qr_asset_served" time="0.159" /><testcase classname="tests.backend_test.TestMembershipManualVerification" name="test_admin_reject_claim_keeps_user_free" time="0.710" /><testcase classname="tests.backend_test.TestAIChat" name="test_anonymous_chat_streams_answer" time="2.676" /><testcase classname="tests.backend_test.TestAIChat" name="test_chat_validation" time="0.169" /></testsuite></testsuites>