<?xml version="1.0" encoding="utf-8"?><testsuites name="pytest tests"><testsuite name="pytest" errors="0" failures="2" skipped="0" tests="28" time="28.600" timestamp="2026-09-01T15:09:35.996757+00:00" hostname="agent-env-be50bf6c-6663-4a79-bf52-34a8b2c9c86d"><testcase classname="tests.test_assets_iter4" name="test_new_artwork_served[/images/hero-dv.jpg]" time="0.558" /><testcase classname="tests.test_assets_iter4" name="test_new_artwork_served[/images/pillar-games.jpg]" time="0.415" /><testcase classname="tests.test_assets_iter4" name="test_new_artwork_served[/images/pillar-manas.jpg]" time="6.575" /><testcase classname="tests.test_assets_iter4" name="test_new_artwork_served[/images/food/beverages.jpg]" time="0.380" /><testcase classname="tests.test_assets_iter4" name="test_new_artwork_served[/images/food/dairy.jpg]" time="0.259" /><testcase classname="tests.test_assets_iter4" name="test_new_artwork_served[/images/food/fruits.jpg]" time="0.251" /><testcase classname="tests.test_assets_iter4" name="test_new_artwork_served[/images/food/grains.jpg]" time="0.245" /><testcase classname="tests.test_assets_iter4" name="test_new_artwork_served[/images/food/nuts.jpg]" time="0.327" /><testcase classname="tests.test_assets_iter4" name="test_new_artwork_served[/images/food/protein.jpg]" time="0.298" /><testcase classname="tests.test_assets_iter4" name="test_new_artwork_served[/images/food/pulses.jpg]" time="0.250" /><testcase classname="tests.test_assets_iter4" name="test_new_artwork_served[/images/food/seeds.jpg]" time="0.403" /><testcase classname="tests.test_assets_iter4" name="test_new_artwork_served[/images/food/snacks.jpg]" time="0.325" /><testcase classname="tests.test_assets_iter4" name="test_new_artwork_served[/images/food/traditional.jpg]" time="0.245" /><testcase classname="tests.test_assets_iter4" name="test_new_artwork_served[/images/food/vegetables.jpg]" time="0.235" /><testcase classname="tests.test_assets_iter4" name="test_food_image_map_covers_all_categories" time="0.141"><failure message="KeyError: 'foods'">tests/test_assets_iter4.py:32: in test_food_image_map_covers_all_categories
    foods = r.json()["foods"]
            ^^^^^^^^^^^^^^^^^
E   KeyError: 'foods'</failure></testcase><testcase classname="tests.test_assets_iter4" name="test_every_food_has_calories" time="0.148"><failure message="KeyError: 'foods'">tests/test_assets_iter4.py:42: in test_every_food_has_calories
    foods = api_client.get(f"{API}/foods", timeout=60).json()["foods"]
            ^^^^^^^^^^^^^^^^^^^^^^^^^^^^^^^^^^^^^^^^^^^^^^^^^^^^^^^^^^
E   KeyError: 'foods'</failure></testcase><testcase classname="tests.test_assets_iter4" name="test_no_stock_photo_urls_in_source" time="0.002" /><testcase classname="tests.test_assets_iter4" name="test_referenced_images_exist_on_disk" time="0.003" /><testcase classname="tests.test_assets_iter4" name="test_tts_uses_hd_model" time="0.000" /><testcase classname="tests.test_assets_iter4" name="test_audio_generation[te-hanuman-chalisa]" time="0.599" /><testcase classname="tests.test_assets_iter4" name="test_audio_generation[te-aditya-hridayam]" time="6.034" /><testcase classname="tests.test_assets_iter4" name="test_audio_generation[te-vishnu-sahasranama]" time="0.482" /><testcase classname="tests.test_assets_iter4" name="test_audio_generation[ta-hanuman-chalisa]" time="3.096" /><testcase classname="tests.test_assets_iter4" name="test_audio_generation[ta-aditya-hridayam]" time="3.317" /><testcase classname="tests.test_assets_iter4" name="test_audio_generation[ta-vishnu-sahasranama]" time="3.236" /><testcase classname="tests.test_assets_iter4" name="test_voice_notice_mentions_device_voices" time="0.000" /><testcase classname="tests.test_assets_iter4" name="test_gating_off" time="0.138" /><testcase classname="tests.test_assets_iter4" name="test_anonymous_free_access" time="0.200" /></testsuite></testsuites>