<?xml version="1.0" encoding="utf-8"?><testsuites name="pytest tests"><testsuite name="pytest" errors="0" failures="0" skipped="0" tests="23" time="51.172" timestamp="2026-09-01T15:08:15.456215+00:00" hostname="agent-env-be50bf6c-6663-4a79-bf52-34a8b2c9c86d"><testcase classname="tests.test_health" name="test_sample_fixture_exists" time="0.000" /><testcase classname="tests.test_health" name="test_health_endpoints_require_auth[get-/health/reports]" time="0.295" /><testcase classname="tests.test_health" name="test_health_endpoints_require_auth[get-/health/profile]" time="0.150" /><testcase classname="tests.test_health" name="test_health_endpoints_require_auth[delete-/health/reports/does-not-exist]" time="0.151" /><testcase classname="tests.test_health" name="test_upload_requires_auth" time="0.155" /><testcase classname="tests.test_health" name="test_unsupported_file_type_rejected" time="0.539" /><testcase classname="tests.test_health" name="test_docx_rejected" time="0.129" /><testcase classname="tests.test_health" name="test_empty_file_rejected" time="0.131" /><testcase classname="tests.test_health" name="test_oversize_file_rejected" time="1.176" /><testcase classname="tests.test_health" name="test_missing_file_field" time="0.146" /><testcase classname="tests.test_health" name="test_upload_returns_parsed_report" time="25.703" /><testcase classname="tests.test_health" name="test_extracted_values[aemoglobin-11.2-g/dL-13.0-low]" time="0.000" /><testcase classname="tests.test_health" name="test_extracted_values[Fasting Blood Sugar-108-mg/dL-70-high]" time="0.000" /><testcase classname="tests.test_health" name="test_extracted_values[Leucocyte-7800-cumm-4000-normal]" time="0.000" /><testcase classname="tests.test_health" name="test_extracted_values[Vitamin D-14.5-ng/mL-30-low]" time="0.000" /><testcase classname="tests.test_health" name="test_extracted_values[TSH-2.4-uIU/mL-0.4-normal]" time="0.000" /><testcase classname="tests.test_health" name="test_counts_add_up" time="0.000" /><testcase classname="tests.test_health" name="test_list_reports" time="0.177" /><testcase classname="tests.test_health" name="test_profile" time="0.066" /><testcase classname="tests.test_health" name="test_empty_profile_for_new_user" time="0.141" /><testcase classname="tests.test_health" name="test_cross_user_isolation" time="0.111" /><testcase classname="tests.test_health" name="test_delete_unknown_id" time="0.059" /><testcase classname="tests.test_health" name="test_delete_own_report" time="21.981" /></testsuite></testsuites>