<?xml version="1.0" encoding="utf-8"?><testsuites name="pytest tests"><testsuite name="pytest" errors="0" failures="0" skipped="1" tests="108" time="24.719" timestamp="2026-09-01T15:10:23.570797+00:00" hostname="agent-env-be50bf6c-6663-4a79-bf52-34a8b2c9c86d"><testcase classname="tests.test_texts.TestTextAudio" name="test_recitation_audio_all_three_texts[hanuman-chalisa-doha-1]" time="0.351" /><testcase classname="tests.backend_test.TestPublicContent" name="test_root" time="0.149" /><testcase classname="tests.backend_test.TestPublicContent" name="test_community_stats_shape" time="0.133" /><testcase classname="tests.backend_test.TestPublicContent" name="test_food_categories" time="0.150" /><testcase classname="tests.test_texts.TestTextAudio" name="test_recitation_audio_all_three_texts[aditya-hridayam-aditya-1]" time="0.383" /><testcase classname="tests.backend_test.TestPublicContent" name="test_foods_list_all_free_while_gating_off" time="0.149" /><testcase classname="tests.backend_test.TestPublicContent" name="test_food_search" time="0.144" /><testcase classname="tests.backend_test.TestPublicContent" name="test_food_search_no_results" time="0.150" /><testcase classname="tests.test_texts.TestTextAudio" name="test_recitation_audio_all_three_texts[vishnu-sahasranama-sahasranama-1]" time="0.383" /><testcase classname="tests.backend_test.TestPublicContent" name="test_food_category_filter" time="0.193" /><testcase classname="tests.backend_test.TestPublicContent" name="test_pillar_endpoints[/jala-keys0]" time="0.173" /><testcase classname="tests.test_texts.TestTextAudio" name="test_meaning_audio_telugu_aditya" time="0.333" /><testcase classname="tests.backend_test.TestPublicContent" name="test_pillar_endpoints[/swara-keys1]" time="0.160" /><testcase classname="tests.backend_test.TestPublicContent" name="test_pillar_endpoints[/manas-keys2]" time="0.126" /><testcase classname="tests.test_texts.TestTextAudio" name="test_meaning_audio_tamil_sahasranama" time="0.351" /><testcase classname="tests.backend_test.TestPublicContent" name="test_pillar_endpoints[/games-keys3]" time="0.107" /><testcase classname="tests.backend_test.TestPublicContent" name="test_pillar_endpoints[/plans-keys4]" time="0.209" /><testcase classname="tests.test_texts.TestTextAudio" name="test_audio_cached_same_key" time="0.465" /><testcase classname="tests.backend_test.TestPublicContent" name="test_jala_journey_has_nine_steps_all_unlocked" time="0.171" /><testcase classname="tests.backend_test.TestPublicContent" name="test_swara_all_unlocked_for_anonymous" time="0.144" /><testcase classname="tests.backend_test.TestPublicContent" name="test_manas_all_topics_unlocked" time="0.114" /><testcase classname="tests.test_texts.TestTextAudio" name="test_legacy_audio_endpoint_with_slug" time="0.162" /><testcase classname="tests.test_texts.TestTextAudio" name="test_unknown_verse_404" time="0.259" /><testcase classname="tests.backend_test.TestPublicContent" name="test_premium_user_sees_full_swara_bodies" time="0.559" /><testcase classname="tests.test_texts.TestTextAudio" name="test_unknown_slug_404" time="0.148" /><testcase classname="tests.test_texts.TestTextAudio" name="test_invalid_body_422[body0]" time="0.152" /><testcase classname="tests.backend_test.TestPublicContent" name="test_games_all_unlocked_for_anonymous" time="0.231" /><testcase classname="tests.test_texts.TestTextAudio" name="test_invalid_body_422[body1]" time="0.148" /><testcase classname="tests.backend_test.TestPublicContent" name="test_plans_contain_free_and_premium" time="0.135" /><testcase classname="tests.test_texts.TestTextAudio" name="test_invalid_body_422[body2]" time="0.154" /><testcase classname="tests.backend_test.TestAuth" name="test_register_increments_community_count" time="0.631" /><testcase classname="tests.test_texts.TestLocalImages" name="test_image_served_locally[swara-musician.jpg]" time="0.247" /><testcase classname="tests.test_texts.TestLocalImages" name="test_image_served_locally[hero-landscape.jpg]" time="0.197" /><testcase classname="tests.test_texts.TestLocalImages" name="test_image_served_locally[jala-river.jpg]" time="0.237" /><testcase classname="tests.backend_test.TestAuth" name="test_register_short_password_rejected" time="0.153" /><testcase classname="tests.test_texts.TestLocalImages" name="test_image_served_locally[jala-well.jpg]" time="0.263" /><testcase classname="tests.test_texts.TestLocalImages" name="test_image_served_locally[ahara-board.jpg]" time="0.243" /><testcase classname="tests.backend_test.TestAuth" name="test_register_duplicate_email" time="0.517" /><testcase classname="tests.test_texts.TestLocalImages" name="test_image_served_locally[manas-calm.jpg]" time="0.233" /><testcase classname="tests.backend_test.TestAuth" name="test_login_sets_httponly_cookies_and_token" time="0.374" /><testcase classname="tests.test_texts.TestLocalImages" name="test_image_served_locally[game-chess.jpg]" time="0.276" /><testcase classname="tests.backend_test.TestAuth" name="test_login_invalid_password_401_string_detail" time="0.400" /><testcase classname="tests.test_texts.TestLocalImages" name="test_jala_gallery_uses_local_paths" time="1.533" /><testcase classname="tests.backend_test.TestAuth" name="test_me_requires_auth" time="0.148" /><testcase classname="tests.backend_test.TestAuth" name="test_me_returns_user_without_password" time="0.156" /><testcase classname="tests.backend_test.TestAuth" name="test_zz_brute_force_lockout_after_5_failures" time="1.343" /><testcase classname="tests.test_texts.TestLocalImages" name="test_no_external_cdn_in_any_content_endpoint" time="1.345" /><testcase classname="tests.backend_test.TestAuth" name="test_logout_clears_cookies" time="0.159" /><testcase classname="tests.backend_test.TestAdmin" name="test_admin_endpoints_require_admin" time="1.765" /><testcase classname="tests.backend_test.TestLockoutAndTracking" name="test_successful_login_clears_failed_counter" time="3.471" /><testcase classname="tests.backend_test.TestAdmin" name="test_admin_stats" time="0.778" /><testcase classname="tests.backend_test.TestAdmin" name="test_admin_users_list" time="0.298" /><testcase classname="tests.backend_test.TestAdmin" name="test_admin_contact_messages" time="0.369" /><testcase classname="tests.backend_test.TestAdmin" name="test_admin_update_plan_persists" time="0.617" /><testcase classname="tests.backend_test.TestAdmin" name="test_admin_update_plan_not_found" time="0.232" /><testcase classname="tests.backend_test.TestAdmin" name="test_admin_food_crud_and_search" time="0.933" /><testcase classname="tests.backend_test.TestLockoutAndTracking" name="test_track_accepts_json_body" time="0.145" /><testcase classname="tests.backend_test.TestLockoutAndTracking" name="test_track_rejects_invalid_body[bad0]" time="0.197" /><testcase classname="tests.backend_test.TestLockoutAndTracking" name="test_track_rejects_invalid_body[bad1]" time="0.146" /><testcase classname="tests.backend_test.TestLockoutAndTracking" name="test_track_rejects_invalid_body[bad2]" time="0.151" /><testcase classname="tests.backend_test.TestLockoutAndTracking" name="test_track_rejects_invalid_body[bad3]" time="0.139" /><testcase classname="tests.test_chalisa.TestChalisaAudio" name="test_recitation_audio_doha_1" time="0.553" /><testcase classname="tests.backend_test.TestLockoutAndTracking" name="test_track_shows_up_in_admin_popular_pages" time="1.815" /><testcase classname="tests.test_chalisa.TestChalisaAudio" name="test_meaning_audio_telugu_chaupai_1" time="0.279" /><testcase classname="tests.test_chalisa.TestChalisaAudio" name="test_unknown_verse_404" time="0.139" /><testcase classname="tests.test_chalisa.TestChalisaAudio" name="test_invalid_body_422[body0]" time="0.176" /><testcase classname="tests.test_chalisa.TestChalisaAudio" name="test_invalid_body_422[body1]" time="0.331" /><testcase classname="tests.test_chalisa.TestChalisaAudio" name="test_invalid_body_422[body2]" time="0.140" /><testcase classname="tests.test_chalisa.TestChalisaAudio" name="test_tts_invalid_key_rejected" time="0.305" /><testcase classname="tests.backend_test.TestLockoutAndTracking" name="test_register_rate_limit_allows_multiple" time="1.128" /><testcase classname="tests.backend_test.TestGames" name="test_score_requires_auth" time="0.315" /><testcase classname="tests.backend_test.TestGames" name="test_free_user_premium_game_allowed_while_gating_off" time="1.202" /><testcase classname="tests.test_texts.TestTextDetail" name="test_full_payload[hanuman-chalisa]" time="0.219" /><testcase classname="tests.test_texts.TestTextDetail" name="test_full_payload[aditya-hridayam]" time="0.150" /><testcase classname="tests.test_texts.TestTextDetail" name="test_full_payload[vishnu-sahasranama]" time="0.195" /><testcase classname="tests.backend_test.TestGames" name="test_unknown_game_rejected" time="0.090" /><testcase classname="tests.test_texts.TestTextDetail" name="test_verses_have_devanagari_translit_and_five_meanings[aditya-hridayam]" time="0.206" /><testcase classname="tests.backend_test.TestGames" name="test_free_game_score_persists_in_dashboard" time="0.428" /><testcase classname="tests.test_texts.TestTextDetail" name="test_verses_have_devanagari_translit_and_five_meanings[vishnu-sahasranama]" time="0.190" /><testcase classname="tests.test_texts.TestTextDetail" name="test_no_key_leak" time="0.400" /><testcase classname="tests.backend_test.TestGames" name="test_zz_reaction_personal_best_is_lowest" time="0.234" /><testcase classname="tests.backend_test.TestContact" name="test_contact_valid" time="0.186" /><testcase classname="tests.test_texts.TestTextDetail" name="test_legacy_chalisa_route_still_returns_chalisa" time="0.172" /><testcase classname="tests.backend_test.TestContact" name="test_contact_validation[bad0]" time="0.167" /><testcase classname="tests.backend_test.TestContact" name="test_contact_validation[bad1]" time="0.174" /><testcase classname="tests.test_chalisa.TestChalisaContent" name="test_structure" time="0.162" /><testcase classname="tests.test_chalisa.TestChalisaContent" name="test_43_verses_3_dohas_40_chaupais" time="0.000" /><testcase classname="tests.test_chalisa.TestChalisaContent" name="test_every_verse_has_devanagari_transliteration_and_5_meanings" time="0.001" /><testcase classname="tests.test_chalisa.TestChalisaContent" name="test_intro_available_in_all_five_languages" time="0.000" /><testcase classname="tests.test_chalisa.TestChalisaContent" name="test_no_llm_key_leak_in_payload" time="0.001" /><testcase classname="tests.backend_test.TestCalorieTool" name="test_calorie_male_moderate_lose" time="0.169" /><testcase classname="tests.backend_test.TestContact" name="test_contact_validation[bad2]" time="0.217" /><testcase classname="tests.backend_test.TestCalorieTool" name="test_calorie_validation[bad0]" time="0.201" /><testcase classname="tests.backend_test.TestContact" name="test_contact_validation[bad3]" time="0.188" /><testcase classname="tests.backend_test.TestCalorieTool" name="test_calorie_validation[bad1]" time="0.141" /><testcase classname="tests.backend_test.TestMembershipManualVerification" name="test_claim_requires_auth" time="0.130" /><testcase classname="tests.backend_test.TestCalorieTool" name="test_calorie_validation[bad2]" time="0.131" /><testcase classname="tests.backend_test.TestSecurity" name="test_bcrypt_hash_format" time="0.723" /><testcase classname="tests.backend_test.TestMembershipManualVerification" name="test_claim_invalid_plan" time="0.501" /><testcase classname="tests.backend_test.TestMembershipManualVerification" name="test_claim_does_not_grant_premium_until_admin_verifies" time="1.156" /><testcase classname="tests.backend_test.TestSecurity" name="test_cors_allows_credentials_with_explicit_origin" time="0.107"><skipped type="pytest.xfail" message="k8s ingress rewrites Access-Control-Allow-Origin to '*' (env-imposed; backend/.env has explicit CORS_ORIGINS)" /></testcase><testcase classname="tests.backend_test.TestSecurity" name="test_payment_qr_asset_served" time="0.141" /><testcase classname="tests.backend_test.TestAIChat" name="test_anonymous_chat_streams_answer" time="5.685" /><testcase classname="tests.backend_test.TestMembershipManualVerification" name="test_admin_reject_claim_keeps_user_free" time="0.240" /><testcase classname="tests.test_texts.TestTextsRegistry" name="test_three_texts_with_verse_counts" time="0.151" /><testcase classname="tests.test_texts.TestTextsRegistry" name="test_voice_provider_fallback_reported" time="0.001" /><testcase classname="tests.test_texts.TestTextsRegistry" name="test_unknown_slug_404" time="0.137" /><testcase classname="tests.backend_test.TestAIChat" name="test_chat_validation" time="0.215" /></testsuite></testsuites>