<?xml version="1.0" encoding="utf-8"?><testsuites name="pytest tests"><testsuite name="pytest" errors="0" failures="1" skipped="0" tests="55" time="14.396" timestamp="2026-09-01T12:10:57.177061+00:00" hostname="agent-env-be50bf6c-6663-4a79-bf52-34a8b2c9c86d"><testcase classname="tests.backend_test.TestAuth" name="test_register_increments_community_count" time="0.604" /><testcase classname="tests.backend_test.TestPublicContent" name="test_root" time="0.164" /><testcase classname="tests.backend_test.TestPublicContent" name="test_community_stats_shape" time="0.359" /><testcase classname="tests.backend_test.TestPublicContent" name="test_food_categories" time="0.301" /><testcase classname="tests.backend_test.TestAuth" name="test_register_short_password_rejected" time="0.139" /><testcase classname="tests.backend_test.TestPublicContent" name="test_foods_list_and_premium_lock_anonymous" time="0.315" /><testcase classname="tests.backend_test.TestAuth" name="test_register_duplicate_email" time="0.596" /><testcase classname="tests.backend_test.TestPublicContent" name="test_food_search" time="0.140" /><testcase classname="tests.backend_test.TestPublicContent" name="test_food_search_no_results" time="0.158" /><testcase classname="tests.backend_test.TestAuth" name="test_login_sets_httponly_cookies_and_token" time="0.455" /><testcase classname="tests.backend_test.TestPublicContent" name="test_food_category_filter" time="0.336" /><testcase classname="tests.backend_test.TestPublicContent" name="test_pillar_endpoints[/jala-keys0]" time="0.144" /><testcase classname="tests.backend_test.TestAuth" name="test_login_invalid_password_401_string_detail" time="0.439" /><testcase classname="tests.backend_test.TestPublicContent" name="test_pillar_endpoints[/swara-keys1]" time="0.305" /><testcase classname="tests.backend_test.TestPublicContent" name="test_pillar_endpoints[/manas-keys2]" time="0.141" /><testcase classname="tests.backend_test.TestAuth" name="test_me_requires_auth" time="0.135" /><testcase classname="tests.backend_test.TestAuth" name="test_me_returns_user_without_password" time="0.148" /><testcase classname="tests.backend_test.TestPublicContent" name="test_pillar_endpoints[/games-keys3]" time="0.148" /><testcase classname="tests.backend_test.TestAuth" name="test_zz_brute_force_lockout_after_5_failures" time="2.961" /><testcase classname="tests.backend_test.TestPublicContent" name="test_pillar_endpoints[/plans-keys4]" time="0.338" /><testcase classname="tests.backend_test.TestPublicContent" name="test_jala_journey_has_nine_steps_and_locks" time="0.298" /><testcase classname="tests.backend_test.TestPublicContent" name="test_swara_locks_for_anonymous" time="0.304" /><testcase classname="tests.backend_test.TestPublicContent" name="test_games_locks_for_anonymous" time="0.271" /><testcase classname="tests.backend_test.TestPublicContent" name="test_plans_contain_free_and_premium" time="0.312" /><testcase classname="tests.backend_test.TestGames" name="test_score_requires_auth" time="0.280" /><testcase classname="tests.backend_test.TestGames" name="test_free_user_premium_game_forbidden" time="1.087" /><testcase classname="tests.backend_test.TestGames" name="test_unknown_game_rejected" time="0.071" /><testcase classname="tests.backend_test.TestAuth" name="test_logout_clears_cookies" time="0.079" /><testcase classname="tests.backend_test.TestGames" name="test_free_game_score_persists_in_dashboard" time="0.680" /><testcase classname="tests.backend_test.TestAdmin" name="test_admin_endpoints_require_admin" time="1.014" /><testcase classname="tests.backend_test.TestGames" name="test_zz_reaction_personal_best_is_lowest" time="0.325" /><testcase classname="tests.backend_test.TestContact" name="test_contact_valid" time="0.140" /><testcase classname="tests.backend_test.TestContact" name="test_contact_validation[bad0]" time="0.296" /><testcase classname="tests.backend_test.TestContact" name="test_contact_validation[bad1]" time="0.140" /><testcase classname="tests.backend_test.TestAdmin" name="test_admin_stats" time="0.512" /><testcase classname="tests.backend_test.TestContact" name="test_contact_validation[bad2]" time="0.137" /><testcase classname="tests.backend_test.TestAdmin" name="test_admin_users_list" time="0.077" /><testcase classname="tests.backend_test.TestAdmin" name="test_admin_contact_messages" time="0.231" /><testcase classname="tests.backend_test.TestContact" name="test_contact_validation[bad3]" time="0.171" /><testcase classname="tests.backend_test.TestCalorieTool" name="test_calorie_male_moderate_lose" time="0.132" /><testcase classname="tests.backend_test.TestAdmin" name="test_admin_update_plan_persists" time="0.484" /><testcase classname="tests.backend_test.TestCalorieTool" name="test_calorie_validation[bad0]" time="0.144" /><testcase classname="tests.backend_test.TestCalorieTool" name="test_calorie_validation[bad1]" time="0.134" /><testcase classname="tests.backend_test.TestCalorieTool" name="test_calorie_validation[bad2]" time="0.197" /><testcase classname="tests.backend_test.TestAdmin" name="test_admin_update_plan_not_found" time="0.076" /><testcase classname="tests.backend_test.TestAdmin" name="test_admin_food_crud_and_search" time="0.872" /><testcase classname="tests.backend_test.TestMembershipManualVerification" name="test_claim_requires_auth" time="0.147" /><testcase classname="tests.backend_test.TestMembershipManualVerification" name="test_claim_invalid_plan" time="0.601" /><testcase classname="tests.backend_test.TestSecurity" name="test_bcrypt_hash_format" time="0.762" /><testcase classname="tests.backend_test.TestMembershipManualVerification" name="test_claim_does_not_grant_premium_until_admin_verifies" time="1.903" /><testcase classname="tests.backend_test.TestSecurity" name="test_cors_allows_credentials_with_explicit_origin" time="0.103"><failure message="AssertionError: *&#10;assert '*' == 'https://ahar...gentagent.com'&#10;  &#10;  - https://ahara-jala-swara.preview.emergentagent.com&#10;  + *">E   AssertionError: *
    assert '*' == 'https://ahar...gentagent.com'
      
      - https://ahara-jala-swara.preview.emergentagent.com
      + *</failure></testcase><testcase classname="tests.backend_test.TestSecurity" name="test_payment_qr_asset_served" time="0.154" /><testcase classname="tests.backend_test.TestMembershipManualVerification" name="test_admin_reject_claim_keeps_user_free" time="0.723" /><testcase classname="tests.backend_test.TestAIChat" name="test_anonymous_chat_streams_answer" time="2.350" /><testcase classname="tests.backend_test.TestAIChat" name="test_chat_validation" time="0.127" /></testsuite></testsuites>