<?xml version="1.0" encoding="utf-8"?><testsuites name="pytest tests"><testsuite name="pytest" errors="0" failures="0" skipped="1" tests="82" time="19.973" timestamp="2026-09-01T14:09:59.715043+00:00" hostname="agent-env-be50bf6c-6663-4a79-bf52-34a8b2c9c86d"><testcase classname="tests.backend_test.TestAuth" name="test_register_increments_community_count" time="0.708" /><testcase classname="tests.backend_test.TestPublicContent" name="test_root" time="0.162" /><testcase classname="tests.backend_test.TestPublicContent" name="test_community_stats_shape" time="0.140" /><testcase classname="tests.backend_test.TestPublicContent" name="test_food_categories" time="0.313" /><testcase classname="tests.backend_test.TestPublicContent" name="test_foods_list_all_free_while_gating_off" time="0.219" /><testcase classname="tests.backend_test.TestAuth" name="test_register_short_password_rejected" time="0.152" /><testcase classname="tests.backend_test.TestPublicContent" name="test_food_search" time="0.411" /><testcase classname="tests.backend_test.TestAuth" name="test_register_duplicate_email" time="0.594" /><testcase classname="tests.backend_test.TestPublicContent" name="test_food_search_no_results" time="0.151" /><testcase classname="tests.backend_test.TestPublicContent" name="test_food_category_filter" time="0.168" /><testcase classname="tests.backend_test.TestAuth" name="test_login_sets_httponly_cookies_and_token" time="0.416" /><testcase classname="tests.backend_test.TestPublicContent" name="test_pillar_endpoints[/jala-keys0]" time="0.302" /><testcase classname="tests.backend_test.TestAuth" name="test_login_invalid_password_401_string_detail" time="0.402" /><testcase classname="tests.backend_test.TestPublicContent" name="test_pillar_endpoints[/swara-keys1]" time="0.153" /><testcase classname="tests.backend_test.TestPublicContent" name="test_pillar_endpoints[/manas-keys2]" time="0.248" /><testcase classname="tests.backend_test.TestAuth" name="test_me_requires_auth" time="0.218" /><testcase classname="tests.backend_test.TestPublicContent" name="test_pillar_endpoints[/games-keys3]" time="0.157" /><testcase classname="tests.backend_test.TestPublicContent" name="test_pillar_endpoints[/plans-keys4]" time="0.146" /><testcase classname="tests.backend_test.TestAuth" name="test_me_returns_user_without_password" time="0.153" /><testcase classname="tests.backend_test.TestPublicContent" name="test_jala_journey_has_nine_steps_all_unlocked" time="0.172" /><testcase classname="tests.backend_test.TestAuth" name="test_zz_brute_force_lockout_after_5_failures" time="1.561" /><testcase classname="tests.backend_test.TestPublicContent" name="test_swara_all_unlocked_for_anonymous" time="0.281" /><testcase classname="tests.backend_test.TestPublicContent" name="test_manas_all_topics_unlocked" time="0.308" /><testcase classname="tests.backend_test.TestPublicContent" name="test_premium_user_sees_full_swara_bodies" time="0.750" /><testcase classname="tests.backend_test.TestPublicContent" name="test_games_all_unlocked_for_anonymous" time="0.187" /><testcase classname="tests.backend_test.TestAuth" name="test_logout_clears_cookies" time="0.078" /><testcase classname="tests.backend_test.TestPublicContent" name="test_plans_contain_free_and_premium" time="0.202" /><testcase classname="tests.backend_test.TestLockoutAndTracking" name="test_successful_login_clears_failed_counter" time="3.619" /><testcase classname="tests.backend_test.TestAdmin" name="test_admin_endpoints_require_admin" time="2.579" /><testcase classname="tests.backend_test.TestAdmin" name="test_admin_stats" time="0.690" /><testcase classname="tests.backend_test.TestAdmin" name="test_admin_users_list" time="0.069" /><testcase classname="tests.backend_test.TestAdmin" name="test_admin_contact_messages" time="0.206" /><testcase classname="tests.backend_test.TestLockoutAndTracking" name="test_track_accepts_json_body" time="0.155" /><testcase classname="tests.backend_test.TestAdmin" name="test_admin_update_plan_persists" time="0.388" /><testcase classname="tests.backend_test.TestLockoutAndTracking" name="test_track_rejects_invalid_body[bad0]" time="0.166" /><testcase classname="tests.backend_test.TestLockoutAndTracking" name="test_track_rejects_invalid_body[bad1]" time="0.196" /><testcase classname="tests.backend_test.TestAdmin" name="test_admin_update_plan_not_found" time="0.077" /><testcase classname="tests.backend_test.TestLockoutAndTracking" name="test_track_rejects_invalid_body[bad2]" time="0.211" /><testcase classname="tests.backend_test.TestAdmin" name="test_admin_food_crud_and_search" time="0.808" /><testcase classname="tests.backend_test.TestLockoutAndTracking" name="test_track_rejects_invalid_body[bad3]" time="0.142" /><testcase classname="tests.backend_test.TestLockoutAndTracking" name="test_track_shows_up_in_admin_popular_pages" time="1.869" /><testcase classname="tests.test_chalisa.TestChalisaAudio" name="test_recitation_audio_doha_1" time="0.435" /><testcase classname="tests.test_chalisa.TestChalisaAudio" name="test_meaning_audio_telugu_chaupai_1" time="0.377" /><testcase classname="tests.test_chalisa.TestChalisaAudio" name="test_unknown_verse_404" time="0.177" /><testcase classname="tests.test_chalisa.TestChalisaAudio" name="test_invalid_body_422[body0]" time="0.151" /><testcase classname="tests.test_chalisa.TestChalisaAudio" name="test_invalid_body_422[body1]" time="0.189" /><testcase classname="tests.test_chalisa.TestChalisaAudio" name="test_invalid_body_422[body2]" time="0.150" /><testcase classname="tests.backend_test.TestLockoutAndTracking" name="test_register_rate_limit_allows_multiple" time="0.986" /><testcase classname="tests.test_chalisa.TestChalisaAudio" name="test_tts_invalid_key_rejected" time="0.533" /><testcase classname="tests.backend_test.TestContact" name="test_contact_valid" time="0.318" /><testcase classname="tests.backend_test.TestGames" name="test_score_requires_auth" time="0.226" /><testcase classname="tests.backend_test.TestContact" name="test_contact_validation[bad0]" time="0.139" /><testcase classname="tests.backend_test.TestContact" name="test_contact_validation[bad1]" time="0.114" /><testcase classname="tests.backend_test.TestContact" name="test_contact_validation[bad2]" time="0.330" /><testcase classname="tests.backend_test.TestContact" name="test_contact_validation[bad3]" time="0.125" /><testcase classname="tests.backend_test.TestGames" name="test_free_user_premium_game_allowed_while_gating_off" time="0.689" /><testcase classname="tests.test_chalisa.TestChalisaContent" name="test_structure" time="0.175" /><testcase classname="tests.test_chalisa.TestChalisaContent" name="test_43_verses_3_dohas_40_chaupais" time="0.000" /><testcase classname="tests.test_chalisa.TestChalisaContent" name="test_every_verse_has_devanagari_transliteration_and_5_meanings" time="0.001" /><testcase classname="tests.test_chalisa.TestChalisaContent" name="test_intro_available_in_all_five_languages" time="0.000" /><testcase classname="tests.test_chalisa.TestChalisaContent" name="test_no_llm_key_leak_in_payload" time="0.001" /><testcase classname="tests.test_gating_switch.TestGatingSwitch" name="test_default_settings_public_and_off" time="0.267" /><testcase classname="tests.backend_test.TestGames" name="test_unknown_game_rejected" time="0.148" /><testcase classname="tests.backend_test.TestGames" name="test_free_game_score_persists_in_dashboard" time="0.665" /><testcase classname="tests.test_gating_switch.TestGatingSwitch" name="test_admin_settings_requires_admin" time="0.897" /><testcase classname="tests.backend_test.TestGames" name="test_zz_reaction_personal_best_is_lowest" time="0.325" /><testcase classname="tests.backend_test.TestCalorieTool" name="test_calorie_male_moderate_lose" time="0.189" /><testcase classname="tests.test_gating_switch.TestGatingSwitch" name="test_invalid_settings_body_rejected" time="0.143" /><testcase classname="tests.test_gating_switch.TestGatingSwitch" name="test_everything_unlocked_when_off" time="0.602" /><testcase classname="tests.backend_test.TestCalorieTool" name="test_calorie_validation[bad0]" time="0.192" /><testcase classname="tests.backend_test.TestCalorieTool" name="test_calorie_validation[bad1]" time="0.145" /><testcase classname="tests.backend_test.TestCalorieTool" name="test_calorie_validation[bad2]" time="0.148" /><testcase classname="tests.backend_test.TestSecurity" name="test_bcrypt_hash_format" time="0.700" /><testcase classname="tests.test_gating_switch.TestGatingSwitch" name="test_zz_gating_on_locks_then_off_unlocks" time="2.688" /><testcase classname="tests.backend_test.TestSecurity" name="test_cors_allows_credentials_with_explicit_origin" time="0.111"><skipped type="pytest.xfail" message="k8s ingress rewrites Access-Control-Allow-Origin to '*' (env-imposed; backend/.env has explicit CORS_ORIGINS)" /></testcase><testcase classname="tests.backend_test.TestSecurity" name="test_payment_qr_asset_served" time="0.132" /><testcase classname="tests.backend_test.TestAIChat" name="test_anonymous_chat_streams_answer" time="4.025" /><testcase classname="tests.backend_test.TestMembershipManualVerification" name="test_claim_requires_auth" time="0.146" /><testcase classname="tests.backend_test.TestMembershipManualVerification" name="test_claim_invalid_plan" time="0.494" /><testcase classname="tests.backend_test.TestMembershipManualVerification" name="test_claim_does_not_grant_premium_until_admin_verifies" time="1.015" /><testcase classname="tests.backend_test.TestMembershipManualVerification" name="test_admin_reject_claim_keeps_user_free" time="0.250" /><testcase classname="tests.backend_test.TestAIChat" name="test_chat_validation" time="0.151" /></testsuite></testsuites>